2024-04-10 14:24:12 DEBUG    Init Status DB success
2024-04-10 14:24:12 DEBUG    Init Status DB success
2024-04-10 14:24:12 DEBUG    Init Status DB success
2024-04-10 14:24:12 DEBUG    Init Status DB success
2024-04-10 14:24:12 DEBUG    Init Status DB success
2024-04-10 14:24:12 DEBUG    Init Status DB success
2024-04-10 14:24:12 DEBUG    Init Status DB success
2024-04-10 14:24:12 DEBUG    Init Status DB success
2024-04-10 14:24:12 DEBUG    Init Rules DB success
2024-04-10 14:24:12 DEBUG    Init Blacklist Rules DB success
2024-04-10 14:24:12 DEBUG    Init Certificate Data success
2024-04-10 14:24:15 DEBUG    Init Mailbox success
2024-04-10 14:24:15 INFO     Number of Status         :8
2024-04-10 14:24:15 INFO     Number of Report         :0
2024-04-10 14:24:15 INFO     Number of Bug Hunters    :0
2024-04-10 14:24:15 DEBUG    [LOG] Starting Geroparser thread...
2024-04-10 14:24:15 DEBUG    [LOG] Geroparser started.
2024-04-10 14:24:15 DEBUG    Waiting for Mailbox Setup...
2024-04-10 14:24:20 DEBUG    Waiting for Mailbox Setup...
2024-04-10 14:24:25 DEBUG    Waiting for Mailbox Setup...
2024-04-10 14:24:30 DEBUG    Waiting for Mailbox Setup...
2024-04-10 14:24:35 DEBUG    Waiting for Mailbox Setup...
2024-04-10 14:24:40 DEBUG    Waiting for Mailbox Setup...
2024-04-10 14:24:45 DEBUG    Waiting for Mailbox Setup...
2024-04-10 14:24:50 DEBUG    Waiting for Mailbox Setup...
2024-04-10 14:24:55 DEBUG    Waiting for Mailbox Setup...
2024-04-10 14:25:00 DEBUG    Waiting for Mailbox Setup...
2024-04-10 14:25:05 DEBUG    Waiting for Mailbox Setup...
2024-04-10 14:25:10 DEBUG    Waiting for Mailbox Setup...
2024-04-10 14:25:15 DEBUG    Waiting for Mailbox Setup...
2024-04-10 14:25:20 DEBUG    Waiting for Mailbox Setup...
2024-04-10 14:25:25 DEBUG    Waiting for Mailbox Setup...
2024-04-10 14:25:30 DEBUG    Waiting for Mailbox Setup...
2024-04-10 14:25:35 DEBUG    Waiting for Mailbox Setup...
2024-04-10 14:25:40 DEBUG    Waiting for Mailbox Setup...
2024-04-10 14:25:45 DEBUG    Waiting for Mailbox Setup...
2024-04-10 14:25:50 DEBUG    Waiting for Mailbox Setup...
2024-04-10 14:25:55 DEBUG    Waiting for Mailbox Setup...
2024-04-10 14:26:00 DEBUG    Waiting for Mailbox Setup...
2024-04-10 14:26:05 DEBUG    Waiting for Mailbox Setup...
2024-04-10 14:26:10 DEBUG    Waiting for Mailbox Setup...
2024-04-10 14:26:15 DEBUG    Waiting for Mailbox Setup...
2024-04-10 14:26:20 DEBUG    Waiting for Mailbox Setup...
2024-04-10 14:26:25 DEBUG    Waiting for Mailbox Setup...
2024-04-10 14:26:30 DEBUG    Waiting for Mailbox Setup...
2024-04-10 14:26:35 DEBUG    Waiting for Mailbox Setup...
2024-04-10 14:26:40 DEBUG    Waiting for Mailbox Setup...
2024-04-10 14:26:45 DEBUG    Waiting for Mailbox Setup...
2024-04-10 14:26:50 DEBUG    Waiting for Mailbox Setup...
2024-04-10 14:26:55 DEBUG    Waiting for Mailbox Setup...
2024-04-10 14:27:00 DEBUG    Waiting for Mailbox Setup...
2024-04-10 14:27:06 DEBUG    Waiting for Mailbox Setup...
2024-04-10 14:27:11 DEBUG    Waiting for Mailbox Setup...
2024-04-10 14:27:16 DEBUG    Waiting for Mailbox Setup...
2024-04-10 14:27:21 DEBUG    Waiting for Mailbox Setup...
2024-04-10 14:27:26 DEBUG    Waiting for Mailbox Setup...
2024-04-10 14:27:31 DEBUG    Waiting for Mailbox Setup...
2024-04-10 14:27:36 DEBUG    Waiting for Mailbox Setup...
2024-04-10 14:27:41 DEBUG    Waiting for Mailbox Setup...
2024-04-10 14:27:46 DEBUG    Waiting for Mailbox Setup...
2024-04-10 14:27:51 DEBUG    Waiting for Mailbox Setup...
2024-04-10 14:27:56 DEBUG    Waiting for Mailbox Setup...
2024-04-10 14:28:01 DEBUG    Waiting for Mailbox Setup...
2024-04-10 14:28:06 DEBUG    Waiting for Mailbox Setup...
2024-04-10 14:28:11 DEBUG    Waiting for Mailbox Setup...
2024-04-10 14:28:16 DEBUG    Waiting for Mailbox Setup...
2024-04-10 14:28:21 DEBUG    Waiting for Mailbox Setup...
2024-04-10 14:28:26 DEBUG    Waiting for Mailbox Setup...
2024-04-10 14:28:31 DEBUG    Waiting for Mailbox Setup...
2024-04-10 14:28:36 DEBUG    Waiting for Mailbox Setup...
2024-04-10 14:28:41 DEBUG    Waiting for Mailbox Setup...
2024-04-10 14:28:46 DEBUG    Waiting for Mailbox Setup...
2024-04-10 14:28:51 DEBUG    Waiting for Mailbox Setup...
2024-04-10 14:28:56 DEBUG    Waiting for Mailbox Setup...
2024-04-10 14:29:01 DEBUG    Waiting for Mailbox Setup...
2024-04-10 14:29:06 DEBUG    Waiting for Mailbox Setup...
2024-04-10 14:29:11 DEBUG    Waiting for Mailbox Setup...
2024-04-10 14:29:16 DEBUG    Waiting for Mailbox Setup...
2024-04-10 14:29:21 DEBUG    Waiting for Mailbox Setup...
2024-04-10 14:29:26 DEBUG    Waiting for Mailbox Setup...
2024-04-10 14:29:31 DEBUG    Waiting for Mailbox Setup...
2024-04-10 14:29:36 DEBUG    Waiting for Mailbox Setup...
2024-04-10 14:29:41 DEBUG    Waiting for Mailbox Setup...
2024-04-10 14:29:46 DEBUG    Waiting for Mailbox Setup...
2024-04-10 14:29:51 DEBUG    Waiting for Mailbox Setup...
2024-04-10 14:29:56 DEBUG    Waiting for Mailbox Setup...
2024-04-10 14:30:01 DEBUG    Waiting for Mailbox Setup...
2024-04-10 14:30:06 DEBUG    Waiting for Mailbox Setup...
2024-04-10 14:30:11 DEBUG    Waiting for Mailbox Setup...
2024-04-10 14:30:16 DEBUG    Waiting for Mailbox Setup...
2024-04-10 14:30:21 DEBUG    Waiting for Mailbox Setup...
2024-04-10 14:30:26 DEBUG    Waiting for Mailbox Setup...
2024-04-10 14:30:31 DEBUG    Waiting for Mailbox Setup...
2024-04-10 14:30:36 DEBUG    Waiting for Mailbox Setup...
2024-04-10 14:30:41 DEBUG    Waiting for Mailbox Setup...
2024-04-10 14:30:46 DEBUG    Waiting for Mailbox Setup...
2024-04-10 14:30:51 DEBUG    Waiting for Mailbox Setup...
2024-04-10 14:30:56 DEBUG    Waiting for Mailbox Setup...
2024-04-10 14:31:01 DEBUG    Waiting for Mailbox Setup...
2024-04-10 14:31:06 DEBUG    Waiting for Mailbox Setup...
2024-04-10 14:31:11 DEBUG    Waiting for Mailbox Setup...
2024-04-10 14:31:16 DEBUG    Waiting for Mailbox Setup...
2024-04-10 14:31:21 DEBUG    Waiting for Mailbox Setup...
2024-04-10 14:31:26 DEBUG    Waiting for Mailbox Setup...
2024-04-10 14:31:31 DEBUG    Waiting for Mailbox Setup...
2024-04-10 14:31:36 DEBUG    Waiting for Mailbox Setup...
2024-04-10 14:31:41 DEBUG    Waiting for Mailbox Setup...
2024-04-10 14:31:46 DEBUG    Waiting for Mailbox Setup...
2024-04-10 14:31:51 DEBUG    Waiting for Mailbox Setup...
2024-04-10 14:31:56 DEBUG    Waiting for Mailbox Setup...
2024-04-10 14:32:01 DEBUG    Waiting for Mailbox Setup...
2024-04-10 14:32:06 DEBUG    Waiting for Mailbox Setup...
2024-04-10 14:32:11 DEBUG    Waiting for Mailbox Setup...
2024-04-10 14:32:16 DEBUG    Waiting for Mailbox Setup...
2024-04-10 14:32:21 DEBUG    Waiting for Mailbox Setup...
2024-04-10 14:32:26 DEBUG    Waiting for Mailbox Setup...
2024-04-10 14:32:31 DEBUG    Waiting for Mailbox Setup...
2024-04-10 14:32:36 DEBUG    Waiting for Mailbox Setup...
2024-04-10 14:32:41 DEBUG    Waiting for Mailbox Setup...
2024-04-10 14:32:46 DEBUG    Waiting for Mailbox Setup...
2024-04-10 14:32:51 DEBUG    Waiting for Mailbox Setup...
2024-04-10 14:32:56 DEBUG    Waiting for Mailbox Setup...
2024-04-10 14:33:01 DEBUG    Waiting for Mailbox Setup...
2024-04-10 14:33:06 DEBUG    Waiting for Mailbox Setup...
2024-04-10 14:33:11 DEBUG    Waiting for Mailbox Setup...
2024-04-10 14:33:16 DEBUG    Waiting for Mailbox Setup...
2024-04-10 14:33:21 DEBUG    Waiting for Mailbox Setup...
2024-04-10 14:33:26 DEBUG    Waiting for Mailbox Setup...
2024-04-10 14:33:31 DEBUG    Waiting for Mailbox Setup...
2024-04-10 14:33:36 DEBUG    Waiting for Mailbox Setup...
2024-04-10 14:33:41 DEBUG    Waiting for Mailbox Setup...
2024-04-10 14:33:46 DEBUG    Waiting for Mailbox Setup...
2024-04-10 14:33:51 DEBUG    Waiting for Mailbox Setup...
2024-04-10 14:33:56 DEBUG    Waiting for Mailbox Setup...
2024-04-10 14:34:01 DEBUG    Waiting for Mailbox Setup...
2024-04-10 14:34:06 DEBUG    Waiting for Mailbox Setup...
2024-04-10 14:34:11 DEBUG    Waiting for Mailbox Setup...
2024-04-10 14:34:16 DEBUG    Waiting for Mailbox Setup...
2024-04-10 14:34:21 DEBUG    Waiting for Mailbox Setup...
2024-04-10 14:34:26 DEBUG    Waiting for Mailbox Setup...
2024-04-10 14:34:31 DEBUG    Waiting for Mailbox Setup...
2024-04-10 14:34:36 DEBUG    Waiting for Mailbox Setup...
2024-04-10 14:34:41 DEBUG    Waiting for Mailbox Setup...
2024-04-10 14:34:46 DEBUG    Waiting for Mailbox Setup...
2024-04-10 14:34:51 DEBUG    Waiting for Mailbox Setup...
2024-04-10 14:34:56 DEBUG    Waiting for Mailbox Setup...
2024-04-10 14:35:01 DEBUG    Waiting for Mailbox Setup...
2024-04-10 14:35:06 DEBUG    Waiting for Mailbox Setup...
2024-04-10 14:35:11 DEBUG    Waiting for Mailbox Setup...
2024-04-10 14:35:16 DEBUG    Waiting for Mailbox Setup...
2024-04-10 14:35:21 DEBUG    Waiting for Mailbox Setup...
2024-04-10 14:35:26 DEBUG    Waiting for Mailbox Setup...
2024-04-10 14:35:31 DEBUG    Waiting for Mailbox Setup...
2024-04-10 14:35:36 DEBUG    Waiting for Mailbox Setup...
2024-04-10 14:35:41 DEBUG    Waiting for Mailbox Setup...
2024-04-10 14:35:46 DEBUG    Waiting for Mailbox Setup...
2024-04-10 14:35:51 DEBUG    Waiting for Mailbox Setup...
2024-04-10 14:35:56 DEBUG    Waiting for Mailbox Setup...
2024-04-10 14:36:01 DEBUG    Waiting for Mailbox Setup...
2024-04-10 14:36:06 DEBUG    Waiting for Mailbox Setup...
2024-04-10 14:36:11 DEBUG    Waiting for Mailbox Setup...
2024-04-10 14:36:16 DEBUG    Waiting for Mailbox Setup...
2024-04-10 14:36:21 DEBUG    Waiting for Mailbox Setup...
2024-04-10 14:36:26 DEBUG    Waiting for Mailbox Setup...
2024-04-10 14:36:31 DEBUG    Waiting for Mailbox Setup...
2024-04-10 14:36:36 DEBUG    Waiting for Mailbox Setup...
2024-04-10 14:36:41 DEBUG    Waiting for Mailbox Setup...
2024-04-10 14:36:46 DEBUG    Waiting for Mailbox Setup...
2024-04-10 14:36:51 DEBUG    Waiting for Mailbox Setup...
2024-04-10 14:36:56 DEBUG    Waiting for Mailbox Setup...
2024-04-10 14:37:01 DEBUG    Waiting for Mailbox Setup...
2024-04-10 14:37:06 DEBUG    Waiting for Mailbox Setup...
2024-04-10 14:37:11 DEBUG    Waiting for Mailbox Setup...
2024-04-10 14:37:16 DEBUG    Waiting for Mailbox Setup...
2024-04-10 14:37:21 DEBUG    Waiting for Mailbox Setup...
2024-04-10 14:37:26 DEBUG    Waiting for Mailbox Setup...
2024-04-10 14:37:31 DEBUG    Waiting for Mailbox Setup...
2024-04-10 14:37:36 DEBUG    Waiting for Mailbox Setup...
2024-04-10 14:37:41 DEBUG    Waiting for Mailbox Setup...
2024-04-10 14:37:46 DEBUG    Waiting for Mailbox Setup...
2024-04-10 14:37:51 DEBUG    Waiting for Mailbox Setup...
2024-04-10 14:37:56 DEBUG    Waiting for Mailbox Setup...
2024-04-10 14:38:01 DEBUG    Waiting for Mailbox Setup...
2024-04-10 14:38:06 DEBUG    Waiting for Mailbox Setup...
2024-04-10 14:38:11 DEBUG    Waiting for Mailbox Setup...
2024-04-10 14:38:16 DEBUG    Waiting for Mailbox Setup...
2024-04-10 14:38:21 DEBUG    Waiting for Mailbox Setup...
2024-04-10 14:38:26 DEBUG    Waiting for Mailbox Setup...
2024-04-10 14:38:31 DEBUG    Waiting for Mailbox Setup...
2024-04-10 14:38:36 DEBUG    Waiting for Mailbox Setup...
2024-04-10 14:38:41 DEBUG    Waiting for Mailbox Setup...
2024-04-10 14:38:46 DEBUG    Waiting for Mailbox Setup...
2024-04-10 14:38:51 DEBUG    Waiting for Mailbox Setup...
2024-04-10 14:38:56 DEBUG    Waiting for Mailbox Setup...
2024-04-10 14:39:01 DEBUG    Waiting for Mailbox Setup...
2024-04-10 14:39:06 DEBUG    Waiting for Mailbox Setup...
2024-04-10 14:39:11 DEBUG    Waiting for Mailbox Setup...
2024-04-10 14:39:16 DEBUG    Waiting for Mailbox Setup...
2024-04-10 14:39:22 DEBUG    Waiting for Mailbox Setup...
2024-04-10 14:39:27 DEBUG    Waiting for Mailbox Setup...
2024-04-10 14:39:32 DEBUG    Waiting for Mailbox Setup...
2024-04-10 14:39:37 DEBUG    Waiting for Mailbox Setup...
2024-04-10 14:39:42 DEBUG    Waiting for Mailbox Setup...
2024-04-10 14:39:47 DEBUG    Waiting for Mailbox Setup...
2024-04-10 14:39:52 DEBUG    Waiting for Mailbox Setup...
2024-04-10 14:39:57 DEBUG    Waiting for Mailbox Setup...
2024-04-10 14:40:02 DEBUG    Waiting for Mailbox Setup...
2024-04-10 14:40:07 DEBUG    Waiting for Mailbox Setup...
2024-04-10 14:40:12 DEBUG    Waiting for Mailbox Setup...
2024-04-10 14:40:17 DEBUG    Waiting for Mailbox Setup...
2024-04-10 14:40:22 DEBUG    Waiting for Mailbox Setup...
2024-04-10 14:40:27 DEBUG    Waiting for Mailbox Setup...
2024-04-10 14:40:32 DEBUG    Waiting for Mailbox Setup...
2024-04-10 14:40:37 DEBUG    Waiting for Mailbox Setup...
2024-04-10 14:40:42 DEBUG    Waiting for Mailbox Setup...
2024-04-10 14:40:47 DEBUG    Waiting for Mailbox Setup...
2024-04-10 14:40:52 DEBUG    Waiting for Mailbox Setup...
2024-04-10 14:40:57 DEBUG    Waiting for Mailbox Setup...
2024-04-10 14:41:02 DEBUG    Waiting for Mailbox Setup...
2024-04-10 14:41:07 DEBUG    Waiting for Mailbox Setup...
2024-04-10 14:41:12 DEBUG    Waiting for Mailbox Setup...
2024-04-10 14:41:17 DEBUG    Waiting for Mailbox Setup...
2024-04-10 14:41:22 DEBUG    Waiting for Mailbox Setup...
2024-04-10 14:41:27 DEBUG    Waiting for Mailbox Setup...
2024-04-10 14:41:32 DEBUG    Waiting for Mailbox Setup...
2024-04-10 14:41:37 DEBUG    Waiting for Mailbox Setup...
2024-04-10 14:41:42 DEBUG    Waiting for Mailbox Setup...
2024-04-10 14:41:47 DEBUG    Waiting for Mailbox Setup...
2024-04-10 14:41:52 DEBUG    Waiting for Mailbox Setup...
2024-04-10 14:41:57 DEBUG    Waiting for Mailbox Setup...
2024-04-10 14:42:02 DEBUG    Waiting for Mailbox Setup...
2024-04-10 14:42:07 DEBUG    Waiting for Mailbox Setup...
2024-04-10 14:42:12 DEBUG    Waiting for Mailbox Setup...
2024-04-10 14:42:17 DEBUG    Waiting for Mailbox Setup...
2024-04-10 14:42:22 DEBUG    Waiting for Mailbox Setup...
2024-04-10 14:42:27 DEBUG    Waiting for Mailbox Setup...
2024-04-10 14:42:32 DEBUG    Waiting for Mailbox Setup...
2024-04-10 14:42:37 DEBUG    Waiting for Mailbox Setup...
2024-04-10 14:42:42 DEBUG    Waiting for Mailbox Setup...
2024-04-10 14:42:47 DEBUG    Waiting for Mailbox Setup...
2024-04-10 14:42:52 DEBUG    Waiting for Mailbox Setup...
2024-04-10 14:42:57 DEBUG    Waiting for Mailbox Setup...
2024-04-10 14:43:02 DEBUG    Waiting for Mailbox Setup...
2024-04-10 14:43:07 DEBUG    Waiting for Mailbox Setup...
2024-04-10 14:43:12 DEBUG    Waiting for Mailbox Setup...
2024-04-10 14:43:17 DEBUG    Waiting for Mailbox Setup...
2024-04-10 14:43:22 DEBUG    Waiting for Mailbox Setup...
2024-04-10 14:43:27 DEBUG    Waiting for Mailbox Setup...
2024-04-10 14:43:32 DEBUG    Waiting for Mailbox Setup...
2024-04-10 14:43:37 DEBUG    Waiting for Mailbox Setup...
2024-04-10 14:43:42 DEBUG    Waiting for Mailbox Setup...
2024-04-10 14:43:47 DEBUG    Waiting for Mailbox Setup...
2024-04-10 14:43:52 DEBUG    Waiting for Mailbox Setup...
2024-04-10 14:43:57 DEBUG    Waiting for Mailbox Setup...
2024-04-10 14:44:02 DEBUG    Waiting for Mailbox Setup...
2024-04-10 14:44:07 DEBUG    Waiting for Mailbox Setup...
2024-04-10 14:44:12 DEBUG    Waiting for Mailbox Setup...
2024-04-10 14:44:17 DEBUG    Waiting for Mailbox Setup...
2024-04-10 14:44:22 DEBUG    Waiting for Mailbox Setup...
2024-04-10 14:44:27 DEBUG    Waiting for Mailbox Setup...
2024-04-10 14:44:32 DEBUG    Waiting for Mailbox Setup...
2024-04-10 14:44:37 DEBUG    Waiting for Mailbox Setup...
2024-04-10 14:44:42 DEBUG    Waiting for Mailbox Setup...
2024-04-10 14:44:47 DEBUG    Waiting for Mailbox Setup...
2024-04-10 14:44:52 DEBUG    Waiting for Mailbox Setup...
2024-04-10 14:44:57 DEBUG    Waiting for Mailbox Setup...
2024-04-10 14:45:02 DEBUG    Waiting for Mailbox Setup...
2024-04-10 14:45:07 DEBUG    Waiting for Mailbox Setup...
2024-04-10 14:45:12 DEBUG    Waiting for Mailbox Setup...
2024-04-10 14:45:17 DEBUG    Waiting for Mailbox Setup...
2024-04-10 14:45:22 DEBUG    Waiting for Mailbox Setup...
2024-04-10 14:45:27 DEBUG    Waiting for Mailbox Setup...
2024-04-10 14:45:32 DEBUG    Waiting for Mailbox Setup...
2024-04-10 14:45:37 DEBUG    Waiting for Mailbox Setup...
2024-04-10 14:45:42 DEBUG    Waiting for Mailbox Setup...
2024-04-10 14:45:47 DEBUG    Waiting for Mailbox Setup...
2024-04-10 14:45:52 DEBUG    Waiting for Mailbox Setup...
2024-04-10 14:45:57 DEBUG    Waiting for Mailbox Setup...
2024-04-10 14:46:02 DEBUG    Waiting for Mailbox Setup...
2024-04-10 14:46:07 DEBUG    Waiting for Mailbox Setup...
2024-04-10 14:46:12 DEBUG    Waiting for Mailbox Setup...
2024-04-10 14:46:17 DEBUG    Waiting for Mailbox Setup...
2024-04-10 14:46:22 DEBUG    Waiting for Mailbox Setup...
2024-04-10 14:46:27 DEBUG    Waiting for Mailbox Setup...
2024-04-10 14:46:32 DEBUG    Waiting for Mailbox Setup...
2024-04-10 14:46:37 DEBUG    Waiting for Mailbox Setup...
2024-04-10 14:46:42 DEBUG    Waiting for Mailbox Setup...
2024-04-10 14:46:47 DEBUG    Waiting for Mailbox Setup...
2024-04-10 14:46:52 DEBUG    Waiting for Mailbox Setup...
2024-04-10 14:46:57 DEBUG    Waiting for Mailbox Setup...
2024-04-10 14:47:02 DEBUG    Waiting for Mailbox Setup...
2024-04-10 14:47:07 DEBUG    Waiting for Mailbox Setup...
2024-04-10 14:47:12 DEBUG    Waiting for Mailbox Setup...
2024-04-10 14:47:17 DEBUG    Waiting for Mailbox Setup...
2024-04-10 14:47:22 DEBUG    Waiting for Mailbox Setup...
2024-04-10 14:47:27 DEBUG    Waiting for Mailbox Setup...
2024-04-10 14:47:32 DEBUG    Waiting for Mailbox Setup...
2024-04-10 14:47:37 DEBUG    Waiting for Mailbox Setup...
2024-04-10 14:47:42 DEBUG    Waiting for Mailbox Setup...
2024-04-10 14:47:47 DEBUG    Waiting for Mailbox Setup...
2024-04-10 14:47:52 DEBUG    Waiting for Mailbox Setup...
2024-04-10 14:47:57 DEBUG    Waiting for Mailbox Setup...
2024-04-10 14:48:02 DEBUG    Waiting for Mailbox Setup...
2024-04-10 14:48:07 DEBUG    Waiting for Mailbox Setup...
2024-04-10 14:48:12 DEBUG    Waiting for Mailbox Setup...
2024-04-10 14:48:17 DEBUG    Waiting for Mailbox Setup...
2024-04-10 14:48:22 DEBUG    Waiting for Mailbox Setup...
2024-04-10 14:48:27 DEBUG    Waiting for Mailbox Setup...
2024-04-10 14:48:32 DEBUG    Waiting for Mailbox Setup...
2024-04-10 14:48:37 DEBUG    Waiting for Mailbox Setup...
2024-04-10 14:48:42 DEBUG    Waiting for Mailbox Setup...
2024-04-10 14:48:47 DEBUG    Waiting for Mailbox Setup...
2024-04-10 14:48:52 DEBUG    Waiting for Mailbox Setup...
2024-04-10 14:48:57 DEBUG    Waiting for Mailbox Setup...
2024-04-10 14:49:02 DEBUG    Waiting for Mailbox Setup...
2024-04-10 14:49:07 DEBUG    Waiting for Mailbox Setup...
2024-04-10 14:49:12 DEBUG    Waiting for Mailbox Setup...
2024-04-10 14:49:17 DEBUG    Waiting for Mailbox Setup...
2024-04-10 14:49:22 DEBUG    Waiting for Mailbox Setup...
2024-04-10 14:49:27 DEBUG    Waiting for Mailbox Setup...
2024-04-10 14:49:32 DEBUG    Waiting for Mailbox Setup...
2024-04-10 14:49:37 DEBUG    Waiting for Mailbox Setup...
2024-04-10 14:49:42 DEBUG    Waiting for Mailbox Setup...
2024-04-10 14:49:47 DEBUG    Waiting for Mailbox Setup...
2024-04-10 14:49:52 DEBUG    Waiting for Mailbox Setup...
2024-04-10 14:49:57 DEBUG    Waiting for Mailbox Setup...
2024-04-10 14:50:02 DEBUG    Waiting for Mailbox Setup...
2024-04-10 14:50:07 DEBUG    Waiting for Mailbox Setup...
2024-04-10 14:50:12 DEBUG    Waiting for Mailbox Setup...
2024-04-10 14:50:17 DEBUG    Waiting for Mailbox Setup...
2024-04-10 14:50:22 DEBUG    Waiting for Mailbox Setup...
2024-04-10 14:50:27 DEBUG    Waiting for Mailbox Setup...
2024-04-10 14:50:32 DEBUG    Waiting for Mailbox Setup...
2024-04-10 14:50:37 DEBUG    Waiting for Mailbox Setup...
2024-04-10 14:50:42 DEBUG    Waiting for Mailbox Setup...
2024-04-10 14:50:47 DEBUG    Waiting for Mailbox Setup...
2024-04-10 14:50:52 DEBUG    Waiting for Mailbox Setup...
2024-04-10 14:50:57 DEBUG    Waiting for Mailbox Setup...
2024-04-10 14:51:02 DEBUG    Waiting for Mailbox Setup...
2024-04-10 14:51:07 DEBUG    Waiting for Mailbox Setup...
2024-04-10 14:51:12 DEBUG    Waiting for Mailbox Setup...
2024-04-10 14:51:17 DEBUG    Waiting for Mailbox Setup...
2024-04-10 14:51:22 DEBUG    Waiting for Mailbox Setup...
2024-04-10 14:51:27 DEBUG    Waiting for Mailbox Setup...
2024-04-10 14:51:32 DEBUG    Waiting for Mailbox Setup...
2024-04-10 14:51:37 DEBUG    Waiting for Mailbox Setup...
2024-04-10 14:51:42 DEBUG    Waiting for Mailbox Setup...
2024-04-10 14:51:47 DEBUG    Waiting for Mailbox Setup...
2024-04-10 14:51:52 DEBUG    Waiting for Mailbox Setup...
2024-04-10 14:51:57 DEBUG    Waiting for Mailbox Setup...
2024-04-10 14:52:02 DEBUG    Waiting for Mailbox Setup...
2024-04-10 14:52:07 DEBUG    Waiting for Mailbox Setup...
2024-04-10 14:52:12 DEBUG    Waiting for Mailbox Setup...
2024-04-10 14:52:18 DEBUG    Waiting for Mailbox Setup...
2024-04-10 14:52:23 DEBUG    Waiting for Mailbox Setup...
2024-04-10 14:52:28 DEBUG    Waiting for Mailbox Setup...
2024-04-10 14:52:33 DEBUG    Waiting for Mailbox Setup...
2024-04-10 14:52:38 DEBUG    Waiting for Mailbox Setup...
2024-04-10 14:52:43 DEBUG    Waiting for Mailbox Setup...
2024-04-10 14:53:12 DEBUG    Status DB already exists
2024-04-10 14:53:12 DEBUG    Status DB already exists
2024-04-10 14:53:12 DEBUG    Status DB already exists
2024-04-10 14:53:12 DEBUG    Status DB already exists
2024-04-10 14:53:12 DEBUG    Status DB already exists
2024-04-10 14:53:12 DEBUG    Status DB already exists
2024-04-10 14:53:12 DEBUG    Status DB already exists
2024-04-10 14:53:12 DEBUG    Status DB already exists
2024-04-10 14:53:12 DEBUG    Rules DB already exists
2024-04-10 14:53:12 DEBUG    Blacklist Rules DB already exists
2024-04-10 14:53:12 DEBUG    Certificate Data already exists
2024-04-10 14:53:14 DEBUG    Mailbox already exists
2024-04-10 14:53:14 INFO     Number of Status         :8
2024-04-10 14:53:14 INFO     Number of Report         :0
2024-04-10 14:53:14 INFO     Number of Bug Hunters    :0
2024-04-10 14:53:14 DEBUG    [LOG] Starting Geroparser thread...
2024-04-10 14:53:14 DEBUG    [LOG] Geroparser started.
2024-04-10 14:53:14 DEBUG    Waiting for Mailbox Setup...
2024-04-10 14:53:19 DEBUG    Waiting for Mailbox Setup...
2024-04-10 14:53:24 DEBUG    Waiting for Mailbox Setup...
2024-04-10 14:53:29 DEBUG    Waiting for Mailbox Setup...
2024-04-10 14:53:34 DEBUG    Waiting for Mailbox Setup...
2024-04-10 14:53:39 DEBUG    Waiting for Mailbox Setup...
2024-04-10 14:53:44 DEBUG    Waiting for Mailbox Setup...
2024-04-10 14:53:49 DEBUG    Waiting for Mailbox Setup...
2024-04-10 14:53:54 DEBUG    Waiting for Mailbox Setup...
2024-04-10 14:53:59 DEBUG    Waiting for Mailbox Setup...
2024-04-10 14:54:04 DEBUG    Waiting for Mailbox Setup...
2024-04-10 14:54:09 DEBUG    Waiting for Mailbox Setup...
2024-04-10 14:54:14 DEBUG    Waiting for Mailbox Setup...
2024-04-10 14:54:19 DEBUG    Waiting for Mailbox Setup...
2024-04-10 14:54:24 DEBUG    Waiting for Mailbox Setup...
2024-04-10 14:54:29 DEBUG    Waiting for Mailbox Setup...
2024-04-10 14:54:34 DEBUG    Waiting for Mailbox Setup...
2024-04-10 14:54:39 DEBUG    Waiting for Mailbox Setup...
2024-04-10 14:54:44 DEBUG    Waiting for Mailbox Setup...
2024-04-10 14:54:49 DEBUG    Waiting for Mailbox Setup...
2024-04-10 14:54:54 DEBUG    Waiting for Mailbox Setup...
2024-04-10 14:54:59 DEBUG    Waiting for Mailbox Setup...
2024-04-10 14:55:04 DEBUG    Waiting for Mailbox Setup...
2024-04-10 14:55:09 DEBUG    Waiting for Mailbox Setup...
2024-04-10 14:55:14 DEBUG    Waiting for Mailbox Setup...
2024-04-10 14:55:19 DEBUG    Waiting for Mailbox Setup...
2024-04-10 14:55:24 DEBUG    Waiting for Mailbox Setup...
2024-04-10 14:55:29 DEBUG    Waiting for Mailbox Setup...
2024-04-10 14:55:34 DEBUG    Waiting for Mailbox Setup...
2024-04-10 14:55:39 DEBUG    Waiting for Mailbox Setup...
2024-04-10 14:55:44 DEBUG    Waiting for Mailbox Setup...
2024-04-10 14:55:49 DEBUG    Waiting for Mailbox Setup...
2024-04-10 14:55:54 DEBUG    Waiting for Mailbox Setup...
2024-04-10 14:55:59 DEBUG    Waiting for Mailbox Setup...
2024-04-10 14:56:04 DEBUG    Waiting for Mailbox Setup...
2024-04-10 14:56:09 DEBUG    Waiting for Mailbox Setup...
2024-04-10 14:56:14 DEBUG    Waiting for Mailbox Setup...
2024-04-10 14:56:19 DEBUG    Waiting for Mailbox Setup...
2024-04-10 14:56:24 DEBUG    Waiting for Mailbox Setup...
2024-04-10 14:56:29 DEBUG    Waiting for Mailbox Setup...
2024-04-10 14:56:34 DEBUG    Waiting for Mailbox Setup...
2024-04-10 14:56:39 DEBUG    Waiting for Mailbox Setup...
2024-04-10 14:56:44 DEBUG    Waiting for Mailbox Setup...
2024-04-10 14:56:49 DEBUG    Waiting for Mailbox Setup...
2024-04-10 14:56:54 DEBUG    Waiting for Mailbox Setup...
2024-04-10 14:56:59 DEBUG    Waiting for Mailbox Setup...
2024-04-10 14:57:04 DEBUG    Waiting for Mailbox Setup...
2024-04-10 14:57:10 DEBUG    Waiting for Mailbox Setup...
2024-04-10 14:57:15 DEBUG    Waiting for Mailbox Setup...
2024-04-10 14:57:20 DEBUG    Waiting for Mailbox Setup...
2024-04-10 14:57:25 DEBUG    Waiting for Mailbox Setup...
2024-04-10 14:57:30 DEBUG    Waiting for Mailbox Setup...
2024-04-10 14:57:35 DEBUG    Waiting for Mailbox Setup...
2024-04-10 14:57:40 DEBUG    Waiting for Mailbox Setup...
2024-04-10 14:57:45 DEBUG    Waiting for Mailbox Setup...
2024-04-10 14:57:50 DEBUG    Waiting for Mailbox Setup...
2024-04-10 14:57:55 DEBUG    Waiting for Mailbox Setup...
2024-04-10 14:58:00 DEBUG    Waiting for Mailbox Setup...
2024-04-10 14:58:05 DEBUG    Waiting for Mailbox Setup...
2024-04-10 14:58:10 DEBUG    Waiting for Mailbox Setup...
2024-04-10 14:58:15 DEBUG    Waiting for Mailbox Setup...
2024-04-10 14:58:20 DEBUG    Waiting for Mailbox Setup...
2024-04-10 14:58:25 DEBUG    Waiting for Mailbox Setup...
2024-04-10 14:58:30 DEBUG    Waiting for Mailbox Setup...
2024-04-10 14:58:35 DEBUG    Waiting for Mailbox Setup...
2024-04-10 14:58:40 DEBUG    Waiting for Mailbox Setup...
2024-04-10 14:58:45 DEBUG    Waiting for Mailbox Setup...
2024-04-10 14:58:50 DEBUG    Waiting for Mailbox Setup...
2024-04-10 14:58:55 DEBUG    Waiting for Mailbox Setup...
2024-04-10 14:59:00 DEBUG    Waiting for Mailbox Setup...
2024-04-10 14:59:05 DEBUG    Waiting for Mailbox Setup...
2024-04-10 14:59:10 DEBUG    Waiting for Mailbox Setup...
2024-04-10 14:59:15 DEBUG    Waiting for Mailbox Setup...
2024-04-10 14:59:20 DEBUG    Waiting for Mailbox Setup...
2024-04-10 14:59:25 DEBUG    Waiting for Mailbox Setup...
2024-04-10 14:59:30 DEBUG    Waiting for Mailbox Setup...
2024-04-10 14:59:35 DEBUG    Waiting for Mailbox Setup...
2024-04-10 14:59:40 DEBUG    Waiting for Mailbox Setup...
2024-04-10 14:59:45 DEBUG    Waiting for Mailbox Setup...
2024-04-10 14:59:50 DEBUG    Waiting for Mailbox Setup...
2024-04-10 14:59:55 DEBUG    Waiting for Mailbox Setup...
2024-04-10 15:00:00 DEBUG    Waiting for Mailbox Setup...
2024-04-10 15:00:05 DEBUG    Waiting for Mailbox Setup...
2024-04-10 15:00:10 DEBUG    Waiting for Mailbox Setup...
2024-04-10 15:00:15 DEBUG    Waiting for Mailbox Setup...
2024-04-10 15:00:20 DEBUG    Waiting for Mailbox Setup...
2024-04-10 15:00:25 DEBUG    Waiting for Mailbox Setup...
2024-04-10 15:00:30 DEBUG    Waiting for Mailbox Setup...
2024-04-10 15:00:35 DEBUG    Waiting for Mailbox Setup...
2024-04-10 15:00:40 DEBUG    Waiting for Mailbox Setup...
2024-04-10 15:00:45 DEBUG    Waiting for Mailbox Setup...
2024-04-10 15:00:50 DEBUG    Waiting for Mailbox Setup...
2024-04-10 15:00:55 DEBUG    Waiting for Mailbox Setup...
2024-04-10 15:01:00 DEBUG    Waiting for Mailbox Setup...
2024-04-10 15:01:05 DEBUG    Waiting for Mailbox Setup...
2024-04-10 15:01:10 DEBUG    Waiting for Mailbox Setup...
2024-04-10 15:01:15 DEBUG    Waiting for Mailbox Setup...
2024-04-10 15:01:20 DEBUG    Waiting for Mailbox Setup...
2024-04-10 15:01:25 DEBUG    Waiting for Mailbox Setup...
2024-04-10 15:01:30 DEBUG    Waiting for Mailbox Setup...
2024-04-10 15:01:35 DEBUG    Waiting for Mailbox Setup...
2024-04-10 15:01:40 DEBUG    Waiting for Mailbox Setup...
2024-04-10 15:01:45 DEBUG    Waiting for Mailbox Setup...
2024-04-10 15:01:50 DEBUG    Waiting for Mailbox Setup...
2024-04-10 15:01:55 DEBUG    Waiting for Mailbox Setup...
2024-04-10 15:02:00 DEBUG    Waiting for Mailbox Setup...
2024-04-10 15:02:05 DEBUG    Waiting for Mailbox Setup...
